2021-03-25 17:33:38 [ERROR] 2021-03-25T17:33:38.0614419: Field commercially should not be blank!
2021-03-25 17:33:38 [ERROR] Field commercially should not be blank!
2021-03-25 17:33:38 [ERROR] 2021-03-25T17:33:38.0694218: Field mfo should not be blank!
2021-03-25 17:33:38 [ERROR] Field mfo should not be blank!
2021-03-25 17:33:38 [ERROR] Can not parse line KOL;0;1;30.05.2018;243651;kol.com;
2021-03-25 17:35:46 [ERROR] 2021-03-25T17:35:46.7993853: Field commercially should not be blank!
2021-03-25 17:35:46 [ERROR] Field commercially should not be blank!
2021-03-25 17:35:46 [ERROR] 2021-03-25T17:35:46.8063665: Field mfo should not be blank!
2021-03-25 17:35:46 [ERROR] Field mfo should not be blank!
2021-03-25 17:35:46 [ERROR] Can not parse line KOL;0;1;30.05.2018;243651;kol.com;
2021-03-25 17:50:09 [ERROR] 2021-03-25T17:50:09.5674476: Field commercially should not be blank!
2021-03-25 17:50:09 [ERROR] Field commercially should not be blank!
2021-03-25 17:50:09 [ERROR] 2021-03-25T17:50:09.575426: Field mfo should not be blank!
2021-03-25 17:50:09 [ERROR] Field mfo should not be blank!
2021-03-25 17:50:09 [ERROR] Can not parse line KOL;0;1;30.05.2018;243651;kol.com;
2021-03-27 08:46:40 [ERROR] 2021-03-27T08:46:40.1536904: Field commercially should not be blank!
2021-03-27 08:46:40 [ERROR] Field commercially should not be blank!
2021-03-27 08:46:40 [ERROR] 2021-03-27T08:46:40.1626674: Field mfo should not be blank!
2021-03-27 08:46:40 [ERROR] Field mfo should not be blank!
2021-03-27 08:46:40 [ERROR] Can not parse line KOL;0;1;30.05.2018;243651;kol.com;
2021-03-27 08:46:51 [ERROR] 2021-03-27T08:46:51.3550584: Field commercially should not be blank!
2021-03-27 08:46:51 [ERROR] Field commercially should not be blank!
2021-03-27 08:46:51 [ERROR] 2021-03-27T08:46:51.363039: Field mfo should not be blank!
2021-03-27 08:46:51 [ERROR] Field mfo should not be blank!
2021-03-27 08:46:51 [ERROR] Can not parse line KOL;0;1;30.05.2018;243651;kol.com;
2021-03-27 08:53:53 [ERROR] 2021-03-27T08:53:53.1886678: Field commercially should not be blank!
2021-03-27 08:53:53 [ERROR] Field commercially should not be blank!
2021-03-27 08:53:53 [ERROR] 2021-03-27T08:53:53.1966473: Field mfo can not be parsed!
2021-03-27 08:53:53 [ERROR] Field mfo can not be parsed!
2021-03-27 08:53:53 [ERROR] Can not parse line KOL;0;1;30.05.2018;243651;kol.com;
2021-03-27 08:56:19 [ERROR] 2021-03-27T08:56:19.0644042: Field commercially should not be blank!
2021-03-27 08:56:19 [ERROR] Field commercially should not be blank!
2021-03-27 08:56:19 [ERROR] 2021-03-27T08:56:19.0713858: Field mfo can not be parsed!
2021-03-27 08:56:19 [ERROR] Field mfo can not be parsed!
2021-03-27 08:56:19 [ERROR] Can not parse line KOL;0;1;30.05.2018;243651;kol.com;
2021-03-27 08:56:56 [ERROR] 2021-03-27T08:56:56.20245: Field commercially should not be blank!
2021-03-27 08:56:56 [ERROR] Field commercially should not be blank!
2021-03-27 08:56:56 [ERROR] 2021-03-27T08:56:56.2094311: Field mfo can not be parsed!
2021-03-27 08:56:56 [ERROR] Field mfo can not be parsed!
2021-03-27 08:56:56 [ERROR] Can not parse line KOL;0;1;30.05.2018;243651;kol.com;
2021-03-27 08:59:04 [ERROR] 2021-03-27T08:59:04.5082962: Field commercially should not be blank!
2021-03-27 08:59:04 [ERROR] Field commercially should not be blank!
2021-03-27 08:59:04 [ERROR] 2021-03-27T08:59:04.5162753: Field mfo can not be parsed!
2021-03-27 08:59:04 [ERROR] Field mfo can not be parsed!
2021-03-27 08:59:04 [ERROR] Can not parse line KOL;0;1;30.05.2018;243651;kol.com;
2021-03-27 09:03:10 [ERROR] 2021-03-27T09:03:10.8738767: Field commercially should not be blank!
2021-03-27 09:03:10 [ERROR] Field commercially should not be blank!
2021-03-27 09:03:10 [ERROR] 2021-03-27T09:03:10.8818555: Field mfo can not be parsed!
2021-03-27 09:03:10 [ERROR] Field mfo can not be parsed!
2021-03-27 09:03:10 [ERROR] Can not parse line KOL;0;1;30.05.2018;243651;kol.com;
2021-03-27 09:22:17 [ERROR] 2021-03-27T09:22:17.7615407: Field commercially should not be blank!
2021-03-27 09:22:17 [ERROR] Field commercially should not be blank!
2021-03-27 09:22:17 [ERROR] 2021-03-27T09:22:17.7685226: Field mfo can not be parsed!
2021-03-27 09:22:17 [ERROR] Field mfo can not be parsed!
2021-03-27 09:22:17 [ERROR] Can not parse line KOL;0;1;30.05.2018;243651;kol.com;
2021-03-27 09:22:40 [ERROR] 2021-03-27T09:22:40.9716937: Field commercially should not be blank!
2021-03-27 09:22:40 [ERROR] Field commercially should not be blank!
2021-03-27 09:22:40 [ERROR] 2021-03-27T09:22:40.9796723: Field mfo can not be parsed!
2021-03-27 09:22:40 [ERROR] Field mfo can not be parsed!
2021-03-27 09:22:40 [ERROR] Can not parse line KOL;0;1;30.05.2018;243651;kol.com;
2021-03-27 09:24:22 [ERROR] 2021-03-27T09:24:22.2613269: Field commercially should not be blank!
2021-03-27 09:24:22 [ERROR] Field commercially should not be blank!
2021-03-27 09:24:22 [ERROR] 2021-03-27T09:24:22.269306: Field mfo can not be parsed!
2021-03-27 09:24:22 [ERROR] Field mfo can not be parsed!
2021-03-27 09:24:22 [ERROR] Can not parse line KOL;0;1;30.05.2018;243651;kol.com;
2021-03-27 09:25:12 [ERROR] 2021-03-27T09:25:12.6626856: Field commercially should not be blank!
2021-03-27 09:25:12 [ERROR] Field commercially should not be blank!
2021-03-27 09:25:12 [ERROR] 2021-03-27T09:25:12.6706641: Field mfo can not be parsed!
2021-03-27 09:25:12 [ERROR] Field mfo can not be parsed!
2021-03-27 09:25:12 [ERROR] Can not parse line KOL;0;1;30.05.2018;243651;kol.com;
2021-03-27 09:28:08 [ERROR] 2021-03-27T09:28:08.2155788: Field commercially should not be blank!
2021-03-27 09:28:08 [ERROR] Field commercially should not be blank!
2021-03-27 09:28:08 [ERROR] 2021-03-27T09:28:08.2235568: Field mfo can not be parsed!
2021-03-27 09:28:08 [ERROR] Field mfo can not be parsed!
2021-03-27 09:28:08 [ERROR] Can not parse line KOL;0;1;30.05.2018;243651;kol.com;
2021-03-27 09:30:07 [ERROR] 2021-03-27T09:30:07.8264525: Field commercially should not be blank!
2021-03-27 09:30:07 [ERROR] Field commercially should not be blank!
2021-03-27 09:30:07 [ERROR] 2021-03-27T09:30:07.8334326: Field mfo can not be parsed!
2021-03-27 09:30:07 [ERROR] Field mfo can not be parsed!
2021-03-27 09:30:07 [ERROR] Can not parse line KOL;0;1;30.05.2018;243651;kol.com;
2021-03-27 09:31:47 [ERROR] 2021-03-27T09:31:47.4605345: Field commercially should not be blank!
2021-03-27 09:31:47 [ERROR] Field commercially should not be blank!
2021-03-27 09:31:47 [ERROR] 2021-03-27T09:31:47.4675153: Field mfo can not be parsed!
2021-03-27 09:31:47 [ERROR] Field mfo can not be parsed!
2021-03-27 09:31:47 [ERROR] Can not parse line KOL;0;1;30.05.2018;243651;kol.com;
2021-03-27 09:35:46 [ERROR] 2021-03-27T09:35:46.4813606: Field commercially should not be blank!
2021-03-27 09:35:46 [ERROR] Field commercially should not be blank!
2021-03-27 09:35:46 [ERROR] 2021-03-27T09:35:46.4893395: Field mfo can not be parsed!
2021-03-27 09:35:46 [ERROR] Field mfo can not be parsed!
2021-03-27 09:35:46 [ERROR] Can not parse line KOL;0;1;30.05.2018;243651;kol.com;
2021-03-27 09:44:24 [ERROR] 2021-03-27T09:44:24.1992738: Field commercially should not be blank!
2021-03-27 09:44:24 [ERROR] Field commercially should not be blank!
2021-03-27 09:44:24 [ERROR] 2021-03-27T09:44:24.2062552: Field mfo can not be parsed!
2021-03-27 09:44:24 [ERROR] Field mfo can not be parsed!
2021-03-27 09:44:24 [ERROR] Can not parse line KOL;0;1;30.05.2018;243651;kol.com;
2021-03-27 09:45:59 [ERROR] 2021-03-27T09:45:59.0591492: Field commercially should not be blank!
2021-03-27 09:45:59 [ERROR] Field commercially should not be blank!
2021-03-27 09:45:59 [ERROR] 2021-03-27T09:45:59.0661303: Field mfo can not be parsed!
2021-03-27 09:45:59 [ERROR] Field mfo can not be parsed!
2021-03-27 09:45:59 [ERROR] Can not parse line KOL;0;1;30.05.2018;243651;kol.com;
2021-03-27 09:47:04 [ERROR] 2021-03-27T09:47:04.6509841: Field commercially should not be blank!
2021-03-27 09:47:04 [ERROR] Field commercially should not be blank!
2021-03-27 09:47:04 [ERROR] 2021-03-27T09:47:04.6579652: Field mfo can not be parsed!
2021-03-27 09:47:04 [ERROR] Field mfo can not be parsed!
2021-03-27 09:47:04 [ERROR] Can not parse line KOL;0;1;30.05.2018;243651;kol.com;
2021-03-27 09:48:07 [ERROR] 2021-03-27T09:48:07.0985604: Field commercially should not be blank!
2021-03-27 09:48:07 [ERROR] Field commercially should not be blank!
2021-03-27 09:48:07 [ERROR] 2021-03-27T09:48:07.1075357: Field mfo can not be parsed!
2021-03-27 09:48:07 [ERROR] Field mfo can not be parsed!
2021-03-27 09:48:07 [ERROR] Can not parse line KOL;0;1;30.05.2018;243651;kol.com;
2021-03-27 09:49:25 [ERROR] 2021-03-27T09:49:25.3094152: Field commercially should not be blank!
2021-03-27 09:49:25 [ERROR] Field commercially should not be blank!
2021-03-27 09:49:25 [ERROR] 2021-03-27T09:49:25.3173933: Field mfo can not be parsed!
2021-03-27 09:49:25 [ERROR] Field mfo can not be parsed!
2021-03-27 09:49:25 [ERROR] Can not parse line KOL;0;1;30.05.2018;243651;kol.com;
2021-03-27 09:49:42 [ERROR] 2021-03-27T09:49:42.6750293: Field commercially should not be blank!
2021-03-27 09:49:42 [ERROR] Field commercially should not be blank!
2021-03-27 09:49:42 [ERROR] 2021-03-27T09:49:42.6820106: Field mfo can not be parsed!
2021-03-27 09:49:42 [ERROR] Field mfo can not be parsed!
2021-03-27 09:49:42 [ERROR] Can not parse line KOL;0;1;30.05.2018;243651;kol.com;
2021-03-27 09:51:18 [ERROR] 2021-03-27T09:51:18.3724198: Field commercially should not be blank!
2021-03-27 09:51:18 [ERROR] Field commercially should not be blank!
2021-03-27 09:51:18 [ERROR] 2021-03-27T09:51:18.3794009: Field mfo can not be parsed!
2021-03-27 09:51:18 [ERROR] Field mfo can not be parsed!
2021-03-27 09:51:18 [ERROR] Can not parse line KOL;0;1;30.05.2018;243651;kol.com;
2021-03-27 09:57:30 [ERROR] 2021-03-27T09:57:30.3976044: Field commercially should not be blank!
2021-03-27 09:57:30 [ERROR] Field commercially should not be blank!
2021-03-27 09:57:30 [ERROR] 2021-03-27T09:57:30.4045859: Field mfo can not be parsed!
2021-03-27 09:57:30 [ERROR] Field mfo can not be parsed!
2021-03-27 09:57:30 [ERROR] Can not parse line KOL;0;1;30.05.2018;243651;kol.com;
2021-03-27 10:18:25 [ERROR] 2021-03-27T10:18:25.9485957: Field commercially should not be blank!
2021-03-27 10:18:25 [ERROR] Field commercially should not be blank!
2021-03-27 10:18:25 [ERROR] 2021-03-27T10:18:25.9555771: Field mfo can not be parsed!
2021-03-27 10:18:25 [ERROR] Field mfo can not be parsed!
2021-03-27 10:18:25 [ERROR] Can not parse line KOL;0;1;30.05.2018;243651;kol.com;
2021-03-27 10:29:21 [ERROR] 2021-03-27T10:29:21.6115138: Field commercially should not be blank!
2021-03-27 10:29:21 [ERROR] Field commercially should not be blank!
2021-03-27 10:29:21 [ERROR] 2021-03-27T10:29:21.6194913: Field mfo can not be parsed!
2021-03-27 10:29:21 [ERROR] Field mfo can not be parsed!
2021-03-27 10:29:21 [ERROR] Can not parse line KOL;0;1;30.05.2018;243651;kol.com;
2021-03-27 10:39:28 [ERROR] 2021-03-27T10:39:28.5828636: Field commercially should not be blank!
2021-03-27 10:39:28 [ERROR] Field commercially should not be blank!
2021-03-27 10:39:28 [ERROR] 2021-03-27T10:39:28.5898458: Field mfo can not be parsed!
2021-03-27 10:39:28 [ERROR] Field mfo can not be parsed!
2021-03-27 10:39:28 [ERROR] Can not parse line KOL;0;1;30.05.2018;243651;kol.com;
2021-03-27 10:42:09 [ERROR] 2021-03-27T10:42:09.2198651: Field commercially should not be blank!
2021-03-27 10:42:09 [ERROR] Field commercially should not be blank!
2021-03-27 10:42:09 [ERROR] 2021-03-27T10:42:09.2268463: Field mfo can not be parsed!
2021-03-27 10:42:09 [ERROR] Field mfo can not be parsed!
2021-03-27 10:42:09 [ERROR] Can not parse line KOL;0;1;30.05.2018;243651;kol.com;
2021-03-27 10:53:48 [ERROR] Input length = 1
2021-03-27 10:54:42 [ERROR] 2021-03-27T10:54:42.0079475: Field commercially should not be blank!
2021-03-27 10:54:42 [ERROR] Field commercially should not be blank!
2021-03-27 10:54:42 [ERROR] 2021-03-27T10:54:42.016922: Field mfo can not be parsed!
2021-03-27 10:54:42 [ERROR] Field mfo can not be parsed!
2021-03-27 10:54:42 [ERROR] Can not parse line KOL;0;1;30.05.2018;243651;kol.com;
2021-03-27 11:21:45 [ERROR] 2021-03-27T11:21:45.2278042: Field commercially should not be blank!
2021-03-27 11:21:45 [ERROR] Field commercially should not be blank!
2021-03-27 11:21:45 [ERROR] 2021-03-27T11:21:45.2357821: Field mfo can not be parsed!
2021-03-27 11:21:45 [ERROR] Field mfo can not be parsed!
2021-03-27 11:21:45 [ERROR] Can not parse line KOL;0;1;30.05.2018;243651;kol.com;
2021-03-27 11:30:07 [ERROR] 2021-03-27T11:30:07.5458654: Field commercially should not be blank!
2021-03-27 11:30:07 [ERROR] Field commercially should not be blank!
2021-03-27 11:30:07 [ERROR] 2021-03-27T11:30:07.5538443: Field mfo can not be parsed!
2021-03-27 11:30:07 [ERROR] Field mfo can not be parsed!
2021-03-27 11:30:07 [ERROR] Can not parse line KOL;0;1;30.05.2018;243651;kol.com;
2021-03-27 11:44:59 [ERROR] 2021-03-27T11:44:59.7184854: Field commercially should not be blank!
2021-03-27 11:44:59 [ERROR] Field commercially should not be blank!
2021-03-27 11:44:59 [ERROR] 2021-03-27T11:44:59.7274605: Field mfo can not be parsed!
2021-03-27 11:44:59 [ERROR] Field mfo can not be parsed!
2021-03-27 11:44:59 [ERROR] Can not parse line KOL;0;1;30.05.2018;243651;kol.com;
2021-03-27 11:47:32 [ERROR] 2021-03-27T11:47:32.6960209: Field commercially should not be blank!
2021-03-27 11:47:32 [ERROR] Field commercially should not be blank!
2021-03-27 11:47:32 [ERROR] 2021-03-27T11:47:32.7049969: Field mfo can not be parsed!
2021-03-27 11:47:32 [ERROR] Field mfo can not be parsed!
2021-03-27 11:47:32 [ERROR] Can not parse line KOL;0;1;30.05.2018;243651;kol.com;
2021-03-27 11:47:59 [ERROR] 2021-03-27T11:47:59.1665689: Field commercially should not be blank!
2021-03-27 11:47:59 [ERROR] Field commercially should not be blank!
2021-03-27 11:47:59 [ERROR] 2021-03-27T11:47:59.1745467: Field mfo can not be parsed!
2021-03-27 11:47:59 [ERROR] Field mfo can not be parsed!
2021-03-27 11:47:59 [ERROR] Can not parse line KOL;0;1;30.05.2018;243651;kol.com;
2021-03-27 11:48:37 [ERROR] 2021-03-27T11:48:37.3308066: Field commercially should not be blank!
2021-03-27 11:48:37 [ERROR] Field commercially should not be blank!
2021-03-27 11:48:37 [ERROR] 2021-03-27T11:48:37.3377885: Field mfo can not be parsed!
2021-03-27 11:48:37 [ERROR] Field mfo can not be parsed!
2021-03-27 11:48:37 [ERROR] Can not parse line KOL;0;1;30.05.2018;243651;kol.com;
2021-03-27 11:49:18 [ERROR] 2021-03-27T11:49:18.2397536: Field commercially should not be blank!
2021-03-27 11:49:18 [ERROR] Field commercially should not be blank!
2021-03-27 11:49:18 [ERROR] 2021-03-27T11:49:18.2477322: Field mfo can not be parsed!
2021-03-27 11:49:18 [ERROR] Field mfo can not be parsed!
2021-03-27 11:49:18 [ERROR] Can not parse line KOL;0;1;30.05.2018;243651;kol.com;
2021-03-27 11:49:28 [ERROR] 2021-03-27T11:49:28.240597: Field commercially should not be blank!
2021-03-27 11:49:28 [ERROR] Field commercially should not be blank!
2021-03-27 11:49:28 [ERROR] 2021-03-27T11:49:28.2485762: Field mfo can not be parsed!
2021-03-27 11:49:28 [ERROR] Field mfo can not be parsed!
2021-03-27 11:49:28 [ERROR] Can not parse line KOL;0;1;30.05.2018;243651;kol.com;
2021-03-27 11:55:52 [ERROR] 2021-03-27T11:55:52.1636207: Field commercially should not be blank!
2021-03-27 11:55:52 [ERROR] Field commercially should not be blank!
2021-03-27 11:55:52 [ERROR] 2021-03-27T11:55:52.1706018: Field mfo can not be parsed!
2021-03-27 11:55:52 [ERROR] Field mfo can not be parsed!
2021-03-27 11:55:52 [ERROR] Can not parse line KOL;0;1;30.05.2018;243651;kol.com;
2021-03-27 11:57:34 [ERROR] 2021-03-27T11:57:34.9439727: Field commercially should not be blank!
2021-03-27 11:57:34 [ERROR] Field commercially should not be blank!
2021-03-27 11:57:34 [ERROR] 2021-03-27T11:57:34.9509539: Field mfo can not be parsed!
2021-03-27 11:57:34 [ERROR] Field mfo can not be parsed!
2021-03-27 11:57:34 [ERROR] Can not parse line KOL;0;1;30.05.2018;243651;kol.com;
2021-03-27 12:03:38 [ERROR] 2021-03-27T12:03:38.6848814: Field commercially should not be blank!
2021-03-27 12:03:38 [ERROR] Field commercially should not be blank!
2021-03-27 12:03:38 [ERROR] 2021-03-27T12:03:38.6938582: Field mfo can not be parsed!
2021-03-27 12:03:38 [ERROR] Field mfo can not be parsed!
2021-03-27 12:03:38 [ERROR] Can not parse line KOL;0;1;30.05.2018;243651;kol.com;
2021-03-27 12:05:51 [ERROR] 2021-03-27T12:05:51.0390311: Field commercially should not be blank!
2021-03-27 12:05:51 [ERROR] Field commercially should not be blank!
2021-03-27 12:05:51 [ERROR] 2021-03-27T12:05:51.0470101: Field mfo can not be parsed!
2021-03-27 12:05:51 [ERROR] Field mfo can not be parsed!
2021-03-27 12:05:51 [ERROR] Can not parse line KOL;0;1;30.05.2018;243651;kol.com;
2021-03-27 12:08:52 [ERROR] 2021-03-27T12:08:52.0736635: Field commercially should not be blank!
2021-03-27 12:08:52 [ERROR] Field commercially should not be blank!
2021-03-27 12:08:52 [ERROR] 2021-03-27T12:08:52.0816419: Field mfo can not be parsed!
2021-03-27 12:08:52 [ERROR] Field mfo can not be parsed!
2021-03-27 12:08:52 [ERROR] Can not parse line KOL;0;1;30.05.2018;243651;kol.com;
2021-03-27 12:09:36 [ERROR] 2021-03-27T12:09:36.9320619: Field commercially should not be blank!
2021-03-27 12:09:36 [ERROR] Field commercially should not be blank!
2021-03-27 12:09:36 [ERROR] 2021-03-27T12:09:36.9400407: Field mfo can not be parsed!
2021-03-27 12:09:36 [ERROR] Field mfo can not be parsed!
2021-03-27 12:09:36 [ERROR] Can not parse line KOL;0;1;30.05.2018;243651;kol.com;
2021-03-27 12:10:20 [ERROR] 2021-03-27T12:10:20.4828467: Field commercially should not be blank!
2021-03-27 12:10:20 [ERROR] Field commercially should not be blank!
2021-03-27 12:10:20 [ERROR] 2021-03-27T12:10:20.4908257: Field mfo can not be parsed!
2021-03-27 12:10:20 [ERROR] Field mfo can not be parsed!
2021-03-27 12:10:20 [ERROR] Can not parse line KOL;0;1;30.05.2018;243651;kol.com;
2021-03-27 12:11:44 [ERROR] 2021-03-27T12:11:44.8765159: Field commercially should not be blank!
2021-03-27 12:11:44 [ERROR] Field commercially should not be blank!
2021-03-27 12:11:44 [ERROR] 2021-03-27T12:11:44.8834973: Field mfo can not be parsed!
2021-03-27 12:11:44 [ERROR] Field mfo can not be parsed!
2021-03-27 12:11:44 [ERROR] Can not parse line KOL;0;1;30.05.2018;243651;kol.com;
2021-03-27 12:17:11 [ERROR] 2021-03-27T12:17:11.6836484: Field commercially should not be blank!
2021-03-27 12:17:11 [ERROR] Field commercially should not be blank!
2021-03-27 12:17:11 [ERROR] 2021-03-27T12:17:11.6906293: Field mfo can not be parsed!
2021-03-27 12:17:11 [ERROR] Field mfo can not be parsed!
2021-03-27 12:17:11 [ERROR] Can not parse line KOL;0;1;30.05.2018;243651;kol.com;
2021-03-27 12:32:08 [ERROR] 2021-03-27T12:32:08.9430619: Field commercially should not be blank!
2021-03-27 12:32:08 [ERROR] Field commercially should not be blank!
2021-03-27 12:32:08 [ERROR] 2021-03-27T12:32:08.9510405: Field mfo can not be parsed!
2021-03-27 12:32:08 [ERROR] Field mfo can not be parsed!
2021-03-27 12:32:08 [ERROR] Can not parse line KOL;0;1;30.05.2018;243651;kol.com;
2021-03-27 12:32:33 [ERROR] 2021-03-27T12:32:33.5578562: Field commercially should not be blank!
2021-03-27 12:32:33 [ERROR] Field commercially should not be blank!
2021-03-27 12:32:33 [ERROR] 2021-03-27T12:32:33.564838: Field mfo can not be parsed!
2021-03-27 12:32:33 [ERROR] Field mfo can not be parsed!
2021-03-27 12:32:33 [ERROR] Can not parse line KOL;0;1;30.05.2018;243651;kol.com;
2021-03-27 12:36:54 [ERROR] 2021-03-27T12:36:54.9621292: Field commercially should not be blank!
2021-03-27 12:36:54 [ERROR] Field commercially should not be blank!
2021-03-27 12:36:54 [ERROR] 2021-03-27T12:36:54.9701083: Field mfo can not be parsed!
2021-03-27 12:36:54 [ERROR] Field mfo can not be parsed!
2021-03-27 12:36:54 [ERROR] Can not parse line KOL;0;1;30.05.2018;243651;kol.com;
2021-03-27 12:41:52 [ERROR] 2021-03-27T12:41:52.6031653: Field commercially should not be blank!
2021-03-27 12:41:52 [ERROR] Field commercially should not be blank!
2021-03-27 12:41:52 [ERROR] 2021-03-27T12:41:52.6111426: Field mfo can not be parsed!
2021-03-27 12:41:52 [ERROR] Field mfo can not be parsed!
2021-03-27 12:41:52 [ERROR] Can not parse line KOL;0;1;30.05.2018;243651;kol.com;
2021-03-27 12:53:18 [ERROR] 2021-03-27T12:53:18.0241472: Field commercially should not be blank!
2021-03-27 12:53:18 [ERROR] Field commercially should not be blank!
2021-03-27 12:53:18 [ERROR] 2021-03-27T12:53:18.0311289: Field mfo can not be parsed!
2021-03-27 12:53:18 [ERROR] Field mfo can not be parsed!
2021-03-27 12:53:18 [ERROR] Can not parse line KOL;0;1;30.05.2018;243651;kol.com;
2021-03-27 14:55:45 [ERROR] 2021-03-27T14:55:45.2414839: Field commercially should not be blank!
2021-03-27 14:55:45 [ERROR] Field commercially should not be blank!
2021-03-27 14:55:45 [ERROR] 2021-03-27T14:55:45.2434785: Field mfo can not be parsed!
2021-03-27 14:55:45 [ERROR] Field mfo can not be parsed!
2021-03-27 14:55:45 [ERROR] Can not parse line KOL;0;1;30.05.2018;243651;kol.com;
2021-03-27 14:58:49 [ERROR] 2021-03-27T14:58:49.9965566: Field commercially should not be blank!
2021-03-27 14:58:49 [ERROR] Field commercially should not be blank!
2021-03-27 14:58:49 [ERROR] 2021-03-27T14:58:49.9985511: Field mfo can not be parsed!
2021-03-27 14:58:49 [ERROR] Field mfo can not be parsed!
2021-03-27 14:58:49 [ERROR] Can not parse line KOL;0;1;30.05.2018;243651;kol.com;
2021-03-27 14:59:54 [ERROR] 2021-03-27T14:59:54.0482613: Field commercially should not be blank!
2021-03-27 14:59:54 [ERROR] Field commercially should not be blank!
2021-03-27 14:59:54 [ERROR] 2021-03-27T14:59:54.0502566: Field mfo can not be parsed!
2021-03-27 14:59:54 [ERROR] Field mfo can not be parsed!
2021-03-27 14:59:54 [ERROR] Can not parse line KOL;0;1;30.05.2018;243651;kol.com;
2021-03-27 15:21:40 [ERROR] 2021-03-27T15:21:40.0706806: Field commercially should not be blank!
2021-03-27 15:21:40 [ERROR] Field commercially should not be blank!
2021-03-27 15:21:40 [ERROR] 2021-03-27T15:21:40.0726755: Field mfo can not be parsed!
2021-03-27 15:21:40 [ERROR] Field mfo can not be parsed!
2021-03-27 15:21:40 [ERROR] Can not parse line KOL;0;1;30.05.2018;243651;kol.com;
2021-03-27 15:23:20 [ERROR] 2021-03-27T15:23:20.294527: Field commercially should not be blank!
2021-03-27 15:23:20 [ERROR] Field commercially should not be blank!
2021-03-27 15:23:20 [ERROR] 2021-03-27T15:23:20.296522: Field mfo can not be parsed!
2021-03-27 15:23:20 [ERROR] Field mfo can not be parsed!
2021-03-27 15:23:20 [ERROR] Can not parse line KOL;0;1;30.05.2018;243651;kol.com;
2021-03-27 15:24:49 [ERROR] 2021-03-27T15:24:49.2365416: Field commercially should not be blank!
2021-03-27 15:24:49 [ERROR] Field commercially should not be blank!
2021-03-27 15:24:49 [ERROR] 2021-03-27T15:24:49.2395334: Field mfo can not be parsed!
2021-03-27 15:24:49 [ERROR] Field mfo can not be parsed!
2021-03-27 15:24:49 [ERROR] Can not parse line KOL;0;1;30.05.2018;243651;kol.com;
2021-03-27 17:39:21 [ERROR] 2021-03-27T17:39:21.8850788: Field commercially should not be blank!
2021-03-27 17:39:21 [ERROR] Field commercially should not be blank!
2021-03-27 17:39:21 [ERROR] 2021-03-27T17:39:21.8870736: Field mfo can not be parsed!
2021-03-27 17:39:21 [ERROR] Field mfo can not be parsed!
2021-03-27 17:39:21 [ERROR] Can not parse line KOL;0;1;30.05.2018;243651;kol.com;
2021-03-27 18:22:08 [ERROR] 2021-03-27T18:22:08.3062891: Field commercially should not be blank!
2021-03-27 18:22:08 [ERROR] Field commercially should not be blank!
2021-03-27 18:22:08 [ERROR] 2021-03-27T18:22:08.3082819: Field mfo can not be parsed!
2021-03-27 18:22:08 [ERROR] Field mfo can not be parsed!
2021-03-27 18:22:08 [ERROR] Can not parse line KOL;0;1;30.05.2018;243651;kol.com;
2021-03-27 19:05:49 [ERROR] 2021-03-27T19:05:49.633212: Field commercially should not be blank!
2021-03-27 19:05:49 [ERROR] Field commercially should not be blank!
2021-03-27 19:05:49 [ERROR] 2021-03-27T19:05:49.6352071: Field mfo can not be parsed!
2021-03-27 19:05:49 [ERROR] Field mfo can not be parsed!
2021-03-27 19:05:49 [ERROR] Can not parse line KOL;0;1;30.05.2018;243651;kol.com;
2021-03-27 19:14:31 [ERROR] 2021-03-27T19:14:31.1267209: Field commercially should not be blank!
2021-03-27 19:14:31 [ERROR] Field commercially should not be blank!
2021-03-27 19:14:31 [ERROR] 2021-03-27T19:14:31.1287157: Field mfo can not be parsed!
2021-03-27 19:14:31 [ERROR] Field mfo can not be parsed!
2021-03-27 19:14:31 [ERROR] Can not parse line KOL;0;1;30.05.2018;243651;kol.com;
2021-03-28 14:24:27 [ERROR] 2021-03-28T14:24:27.3684822: Field commercially should not be blank!
2021-03-28 14:24:27 [ERROR] Field commercially should not be blank!
2021-03-28 14:24:27 [ERROR] 2021-03-28T14:24:27.3714742: Field mfo can not be parsed!
2021-03-28 14:24:27 [ERROR] Field mfo can not be parsed!
2021-03-28 14:24:27 [ERROR] Can not parse line KOL;0;1;30.05.2018;243651;kol.com;
2021-03-28 14:45:50 [ERROR] 2021-03-28T14:45:50.454418: Field commercially should not be blank!
2021-03-28 14:45:50 [ERROR] Field commercially should not be blank!
2021-03-28 14:45:50 [ERROR] 2021-03-28T14:45:50.4564126: Field mfo can not be parsed!
2021-03-28 14:45:50 [ERROR] Field mfo can not be parsed!
2021-03-28 14:45:50 [ERROR] Can not parse line KOL;0;1;30.05.2018;243651;kol.com;
2021-03-28 14:52:36 [ERROR] 2021-03-28T14:52:36.1566089: Field commercially should not be blank!
2021-03-28 14:52:36 [ERROR] Field commercially should not be blank!
2021-03-28 14:52:36 [ERROR] 2021-03-28T14:52:36.159601: Field mfo can not be parsed!
2021-03-28 14:52:36 [ERROR] Field mfo can not be parsed!
2021-03-28 14:52:36 [ERROR] Can not parse line KOL;0;1;30.05.2018;243651;kol.com;
2021-03-28 15:12:49 [ERROR] 2021-03-28T15:12:49.7911951: Field commercially should not be blank!
2021-03-28 15:12:49 [ERROR] Field commercially should not be blank!
2021-03-28 15:12:49 [ERROR] 2021-03-28T15:12:49.7931904: Field mfo can not be parsed!
2021-03-28 15:12:49 [ERROR] Field mfo can not be parsed!
2021-03-28 15:12:49 [ERROR] Can not parse line KOL;0;1;30.05.2018;243651;kol.com;
2021-03-28 16:46:08 [ERROR] 2021-03-28T16:46:08.4237643: Field commercially should not be blank!
2021-03-28 16:46:08 [ERROR] Field commercially should not be blank!
2021-03-28 16:46:08 [ERROR] 2021-03-28T16:46:08.4257588: Field mfo can not be parsed!
2021-03-28 16:46:08 [ERROR] Field mfo can not be parsed!
2021-03-28 16:46:08 [ERROR] Can not parse line KOL;0;1;30.05.2018;243651;kol.com;
2021-03-28 16:49:33 [ERROR] 2021-03-28T16:49:33.5228205: Field commercially should not be blank!
2021-03-28 16:49:33 [ERROR] Field commercially should not be blank!
2021-03-28 16:49:33 [ERROR] 2021-03-28T16:49:33.5248157: Field mfo can not be parsed!
2021-03-28 16:49:33 [ERROR] Field mfo can not be parsed!
2021-03-28 16:49:33 [ERROR] Can not parse line KOL;0;1;30.05.2018;243651;kol.com;
2021-03-28 16:58:01 [ERROR] 2021-03-28T16:58:01.7875493: Field commercially should not be blank!
2021-03-28 16:58:01 [ERROR] Field commercially should not be blank!
2021-03-28 16:58:01 [ERROR] 2021-03-28T16:58:01.7895439: Field mfo can not be parsed!
2021-03-28 16:58:01 [ERROR] Field mfo can not be parsed!
2021-03-28 16:58:01 [ERROR] Can not parse line KOL;0;1;30.05.2018;243651;kol.com;
2021-03-28 16:59:12 [ERROR] 2021-03-28T16:59:12.8772291: Field commercially should not be blank!
2021-03-28 16:59:12 [ERROR] Field commercially should not be blank!
2021-03-28 16:59:12 [ERROR] 2021-03-28T16:59:12.8792244: Field mfo can not be parsed!
2021-03-28 16:59:12 [ERROR] Field mfo can not be parsed!
2021-03-28 16:59:12 [ERROR] Can not parse line KOL;0;1;30.05.2018;243651;kol.com;
2021-03-28 17:04:25 [ERROR] 2021-03-28T17:04:25.3103112: Field commercially should not be blank!
2021-03-28 17:04:25 [ERROR] Field commercially should not be blank!
2021-03-28 17:04:25 [ERROR] 2021-03-28T17:04:25.3132916: Field mfo can not be parsed!
2021-03-28 17:04:25 [ERROR] Field mfo can not be parsed!
2021-03-28 17:04:25 [ERROR] Can not parse line KOL;0;1;30.05.2018;243651;kol.com;
2021-03-28 17:10:19 [ERROR] 2021-03-28T17:10:19.3391193: Field commercially should not be blank!
2021-03-28 17:10:19 [ERROR] Field commercially should not be blank!
2021-03-28 17:10:19 [ERROR] 2021-03-28T17:10:19.3421131: Field mfo can not be parsed!
2021-03-28 17:10:19 [ERROR] Field mfo can not be parsed!
2021-03-28 17:10:19 [ERROR] Can not parse line KOL;0;1;30.05.2018;243651;kol.com;
2021-03-28 17:26:50 [ERROR] 2021-03-28T17:26:50.0823511: Field commercially should not be blank!
2021-03-28 17:26:50 [ERROR] Field commercially should not be blank!
2021-03-28 17:26:50 [ERROR] 2021-03-28T17:26:50.0853427: Field mfo can not be parsed!
2021-03-28 17:26:50 [ERROR] Field mfo can not be parsed!
2021-03-28 17:26:50 [ERROR] Can not parse line KOL;0;1;30.05.2018;243651;kol.com;
2021-03-28 17:26:50 [ERROR] 
2021-03-28 17:27:56 [ERROR] 2021-03-28T17:27:56.6565482: Field commercially should not be blank!
2021-03-28 17:27:56 [ERROR] Field commercially should not be blank!
2021-03-28 17:27:56 [ERROR] 2021-03-28T17:27:56.6595398: Field mfo can not be parsed!
2021-03-28 17:27:56 [ERROR] Field mfo can not be parsed!
2021-03-28 17:27:56 [ERROR] Can not parse line KOL;0;1;30.05.2018;243651;kol.com;
2021-03-28 17:27:57 [ERROR] 
2021-03-28 17:28:50 [ERROR] 2021-03-28T17:28:50.3934782: Field commercially should not be blank!
2021-03-28 17:28:50 [ERROR] Field commercially should not be blank!
2021-03-28 17:28:50 [ERROR] 2021-03-28T17:28:50.3964708: Field mfo can not be parsed!
2021-03-28 17:28:50 [ERROR] Field mfo can not be parsed!
2021-03-28 17:28:50 [ERROR] Can not parse line KOL;0;1;30.05.2018;243651;kol.com;
2021-03-28 17:28:50 [ERROR] 2021-03-28T17:28:50.8961344: Field commercially should not be blank!
2021-03-28 17:28:50 [ERROR] Field commercially should not be blank!
2021-03-28 17:28:50 [ERROR] 2021-03-28T17:28:50.8971315: Field mfo can not be parsed!
2021-03-28 17:28:50 [ERROR] Field mfo can not be parsed!
2021-03-28 17:28:50 [ERROR] Can not parse line KOL;0;1;30.05.2018;243651;kol.com;
2021-03-28 17:29:24 [ERROR] 2021-03-28T17:29:24.9510076: Field commercially should not be blank!
2021-03-28 17:29:24 [ERROR] Field commercially should not be blank!
2021-03-28 17:29:24 [ERROR] 2021-03-28T17:29:24.9540004: Field mfo can not be parsed!
2021-03-28 17:29:24 [ERROR] Field mfo can not be parsed!
2021-03-28 17:29:24 [ERROR] Can not parse line KOL;0;1;30.05.2018;243651;kol.com;
2021-03-28 17:29:25 [ERROR] 2021-03-28T17:29:25.4387037: Field commercially should not be blank!
2021-03-28 17:29:25 [ERROR] Field commercially should not be blank!
2021-03-28 17:29:25 [ERROR] 2021-03-28T17:29:25.4397017: Field mfo can not be parsed!
2021-03-28 17:29:25 [ERROR] Field mfo can not be parsed!
2021-03-28 17:29:25 [ERROR] Can not parse line KOL;0;1;30.05.2018;243651;kol.com;
2021-03-28 17:39:29 [ERROR] 2021-03-28T17:39:29.6432042: Field commercially should not be blank!
2021-03-28 17:39:29 [ERROR] Field commercially should not be blank!
2021-03-28 17:39:29 [ERROR] 2021-03-28T17:39:29.6451983: Field mfo can not be parsed!
2021-03-28 17:39:29 [ERROR] Field mfo can not be parsed!
2021-03-28 17:39:29 [ERROR] Can not parse line KOL;0;1;30.05.2018;243651;kol.com;
2021-03-28 17:39:30 [ERROR] 2021-03-28T17:39:30.1289044: Field commercially should not be blank!
2021-03-28 17:39:30 [ERROR] Field commercially should not be blank!
2021-03-28 17:39:30 [ERROR] 2021-03-28T17:39:30.1289044: Field mfo can not be parsed!
2021-03-28 17:39:30 [ERROR] Field mfo can not be parsed!
2021-03-28 17:39:30 [ERROR] Can not parse line KOL;0;1;30.05.2018;243651;kol.com;
2021-03-28 17:44:07 [ERROR] 2021-03-28T17:44:07.5027823: Field commercially should not be blank!
2021-03-28 17:44:07 [ERROR] Field commercially should not be blank!
2021-03-28 17:44:07 [ERROR] 2021-03-28T17:44:07.5057743: Field mfo can not be parsed!
2021-03-28 17:44:07 [ERROR] Field mfo can not be parsed!
2021-03-28 17:44:07 [ERROR] Can not parse line KOL;0;1;30.05.2018;243651;kol.com;
2021-03-28 17:44:08 [ERROR] 2021-03-28T17:44:08.0014493: Field commercially should not be blank!
2021-03-28 17:44:08 [ERROR] Field commercially should not be blank!
2021-03-28 17:44:08 [ERROR] 2021-03-28T17:44:08.0024476: Field mfo can not be parsed!
2021-03-28 17:44:08 [ERROR] Field mfo can not be parsed!
2021-03-28 17:44:08 [ERROR] Can not parse line KOL;0;1;30.05.2018;243651;kol.com;
2021-03-28 17:44:46 [ERROR] 2021-03-28T17:44:46.6668797: Field commercially should not be blank!
2021-03-28 17:44:46 [ERROR] Field commercially should not be blank!
2021-03-28 17:44:46 [ERROR] 2021-03-28T17:44:46.6688758: Field mfo can not be parsed!
2021-03-28 17:44:46 [ERROR] Field mfo can not be parsed!
2021-03-28 17:44:46 [ERROR] Can not parse line KOL;0;1;30.05.2018;243651;kol.com;
2021-03-28 17:44:47 [ERROR] 2021-03-28T17:44:47.1645493: Field commercially should not be blank!
2021-03-28 17:44:47 [ERROR] Field commercially should not be blank!
2021-03-28 17:44:47 [ERROR] 2021-03-28T17:44:47.1645493: Field mfo can not be parsed!
2021-03-28 17:44:47 [ERROR] Field mfo can not be parsed!
2021-03-28 17:44:47 [ERROR] Can not parse line KOL;0;1;30.05.2018;243651;kol.com;
2021-03-28 17:45:32 [ERROR] 2021-03-28T17:45:32.5641217: Field commercially should not be blank!
2021-03-28 17:45:32 [ERROR] Field commercially should not be blank!
2021-03-28 17:45:32 [ERROR] 2021-03-28T17:45:32.5671152: Field mfo can not be parsed!
2021-03-28 17:45:32 [ERROR] Field mfo can not be parsed!
2021-03-28 17:45:32 [ERROR] Can not parse line KOL;0;1;30.05.2018;243651;kol.com;
2021-03-28 17:45:33 [ERROR] 2021-03-28T17:45:33.0528158: Field commercially should not be blank!
2021-03-28 17:45:33 [ERROR] Field commercially should not be blank!
2021-03-28 17:45:33 [ERROR] 2021-03-28T17:45:33.0528158: Field mfo can not be parsed!
2021-03-28 17:45:33 [ERROR] Field mfo can not be parsed!
2021-03-28 17:45:33 [ERROR] Can not parse line KOL;0;1;30.05.2018;243651;kol.com;
2021-03-28 17:48:34 [ERROR] 2021-03-28T17:48:34.048495: Field commercially should not be blank!
2021-03-28 17:48:34 [ERROR] Field commercially should not be blank!
2021-03-28 17:48:34 [ERROR] 2021-03-28T17:48:34.0504904: Field mfo can not be parsed!
2021-03-28 17:48:34 [ERROR] Field mfo can not be parsed!
2021-03-28 17:48:34 [ERROR] Can not parse line KOL;0;1;30.05.2018;243651;kol.com;
2021-03-28 17:48:34 [ERROR] 2021-03-28T17:48:34.5312044: Field commercially should not be blank!
2021-03-28 17:48:34 [ERROR] Field commercially should not be blank!
2021-03-28 17:48:34 [ERROR] 2021-03-28T17:48:34.5322025: Field mfo can not be parsed!
2021-03-28 17:48:34 [ERROR] Field mfo can not be parsed!
2021-03-28 17:48:34 [ERROR] Can not parse line KOL;0;1;30.05.2018;243651;kol.com;
2021-03-28 17:58:25 [ERROR] 2021-03-28T17:58:25.3237047: Field commercially should not be blank!
2021-03-28 17:58:25 [ERROR] Field commercially should not be blank!
2021-03-28 17:58:25 [ERROR] 2021-03-28T17:58:25.3256999: Field mfo can not be parsed!
2021-03-28 17:58:25 [ERROR] Field mfo can not be parsed!
2021-03-28 17:58:25 [ERROR] Can not parse line KOL;0;1;30.05.2018;243651;kol.com;
2021-03-28 17:58:25 [ERROR] 2021-03-28T17:58:25.8143928: Field commercially should not be blank!
2021-03-28 17:58:25 [ERROR] Field commercially should not be blank!
2021-03-28 17:58:25 [ERROR] 2021-03-28T17:58:25.8143928: Field mfo can not be parsed!
2021-03-28 17:58:25 [ERROR] Field mfo can not be parsed!
2021-03-28 17:58:25 [ERROR] Can not parse line KOL;0;1;30.05.2018;243651;kol.com;
2021-03-28 18:15:21 [ERROR] 2021-03-28T18:15:21.6934995: Field commercially should not be blank!
2021-03-28 18:15:21 [ERROR] Field commercially should not be blank!
2021-03-28 18:15:21 [ERROR] 2021-03-28T18:15:21.6954935: Field mfo can not be parsed!
2021-03-28 18:15:21 [ERROR] Field mfo can not be parsed!
2021-03-28 18:15:21 [ERROR] Can not parse line KOL;0;1;30.05.2018;243651;kol.com;
2021-03-28 18:15:22 [ERROR] 2021-03-28T18:15:22.1592536: Field commercially should not be blank!
2021-03-28 18:15:22 [ERROR] Field commercially should not be blank!
2021-03-28 18:15:22 [ERROR] 2021-03-28T18:15:22.1592536: Field mfo can not be parsed!
2021-03-28 18:15:22 [ERROR] Field mfo can not be parsed!
2021-03-28 18:15:22 [ERROR] Can not parse line KOL;0;1;30.05.2018;243651;kol.com;
2021-03-28 18:19:35 [ERROR] 2021-03-28T18:19:35.9367178: Field commercially should not be blank!
2021-03-28 18:19:35 [ERROR] Field commercially should not be blank!
2021-03-28 18:19:35 [ERROR] 2021-03-28T18:19:35.9397094: Field mfo can not be parsed!
2021-03-28 18:19:35 [ERROR] Field mfo can not be parsed!
2021-03-28 18:19:35 [ERROR] Can not parse line KOL;0;1;30.05.2018;243651;kol.com;
2021-03-28 18:19:36 [ERROR] 2021-03-28T18:19:36.4453577: Field commercially should not be blank!
2021-03-28 18:19:36 [ERROR] Field commercially should not be blank!
2021-03-28 18:19:36 [ERROR] 2021-03-28T18:19:36.4463539: Field mfo can not be parsed!
2021-03-28 18:19:36 [ERROR] Field mfo can not be parsed!
2021-03-28 18:19:36 [ERROR] Can not parse line KOL;0;1;30.05.2018;243651;kol.com;
2021-03-28 18:20:02 [ERROR] 2021-03-28T18:20:02.9439541: Field commercially should not be blank!
2021-03-28 18:20:02 [ERROR] Field commercially should not be blank!
2021-03-28 18:20:02 [ERROR] 2021-03-28T18:20:02.947943: Field mfo can not be parsed!
2021-03-28 18:20:02 [ERROR] Field mfo can not be parsed!
2021-03-28 18:20:02 [ERROR] Can not parse line KOL;0;1;30.05.2018;243651;kol.com;
2021-03-28 18:20:03 [ERROR] 2021-03-28T18:20:03.4286569: Field commercially should not be blank!
2021-03-28 18:20:03 [ERROR] Field commercially should not be blank!
2021-03-28 18:20:03 [ERROR] 2021-03-28T18:20:03.4296543: Field mfo can not be parsed!
2021-03-28 18:20:03 [ERROR] Field mfo can not be parsed!
2021-03-28 18:20:03 [ERROR] Can not parse line KOL;0;1;30.05.2018;243651;kol.com;
2021-03-28 18:24:02 [ERROR] 2021-03-28T18:24:02.1701667: Field commercially should not be blank!
2021-03-28 18:24:02 [ERROR] Field commercially should not be blank!
2021-03-28 18:24:02 [ERROR] 2021-03-28T18:24:02.1721618: Field mfo can not be parsed!
2021-03-28 18:24:02 [ERROR] Field mfo can not be parsed!
2021-03-28 18:24:02 [ERROR] Can not parse line KOL;0;1;30.05.2018;243651;kol.com;
2021-03-28 18:24:02 [ERROR] 2021-03-28T18:24:02.6678351: Field commercially should not be blank!
2021-03-28 18:24:02 [ERROR] Field commercially should not be blank!
2021-03-28 18:24:02 [ERROR] 2021-03-28T18:24:02.6678351: Field mfo can not be parsed!
2021-03-28 18:24:02 [ERROR] Field mfo can not be parsed!
2021-03-28 18:24:02 [ERROR] Can not parse line KOL;0;1;30.05.2018;243651;kol.com;
