2021-03-25 17:33:38 [ERROR] 2021-03-25T17:33:38.0614419: Field commercially should not be blank!
2021-03-25 17:33:38 [ERROR] Field commercially should not be blank!
2021-03-25 17:33:38 [ERROR] 2021-03-25T17:33:38.0694218: Field mfo should not be blank!
2021-03-25 17:33:38 [ERROR] Field mfo should not be blank!
2021-03-25 17:33:38 [ERROR] Can not parse line KOL;0;1;30.05.2018;243651;kol.com;
2021-03-25 17:35:46 [ERROR] 2021-03-25T17:35:46.7993853: Field commercially should not be blank!
2021-03-25 17:35:46 [ERROR] Field commercially should not be blank!
2021-03-25 17:35:46 [ERROR] 2021-03-25T17:35:46.8063665: Field mfo should not be blank!
2021-03-25 17:35:46 [ERROR] Field mfo should not be blank!
2021-03-25 17:35:46 [ERROR] Can not parse line KOL;0;1;30.05.2018;243651;kol.com;
2021-03-25 17:50:09 [ERROR] 2021-03-25T17:50:09.5674476: Field commercially should not be blank!
2021-03-25 17:50:09 [ERROR] Field commercially should not be blank!
2021-03-25 17:50:09 [ERROR] 2021-03-25T17:50:09.575426: Field mfo should not be blank!
2021-03-25 17:50:09 [ERROR] Field mfo should not be blank!
2021-03-25 17:50:09 [ERROR] Can not parse line KOL;0;1;30.05.2018;243651;kol.com;
2021-03-27 08:46:40 [ERROR] 2021-03-27T08:46:40.1536904: Field commercially should not be blank!
2021-03-27 08:46:40 [ERROR] Field commercially should not be blank!
2021-03-27 08:46:40 [ERROR] 2021-03-27T08:46:40.1626674: Field mfo should not be blank!
2021-03-27 08:46:40 [ERROR] Field mfo should not be blank!
2021-03-27 08:46:40 [ERROR] Can not parse line KOL;0;1;30.05.2018;243651;kol.com;
2021-03-27 08:46:51 [ERROR] 2021-03-27T08:46:51.3550584: Field commercially should not be blank!
2021-03-27 08:46:51 [ERROR] Field commercially should not be blank!
2021-03-27 08:46:51 [ERROR] 2021-03-27T08:46:51.363039: Field mfo should not be blank!
2021-03-27 08:46:51 [ERROR] Field mfo should not be blank!
2021-03-27 08:46:51 [ERROR] Can not parse line KOL;0;1;30.05.2018;243651;kol.com;
2021-03-27 08:53:53 [ERROR] 2021-03-27T08:53:53.1886678: Field commercially should not be blank!
2021-03-27 08:53:53 [ERROR] Field commercially should not be blank!
2021-03-27 08:53:53 [ERROR] 2021-03-27T08:53:53.1966473: Field mfo can not be parsed!
2021-03-27 08:53:53 [ERROR] Field mfo can not be parsed!
2021-03-27 08:53:53 [ERROR] Can not parse line KOL;0;1;30.05.2018;243651;kol.com;
2021-03-27 08:56:19 [ERROR] 2021-03-27T08:56:19.0644042: Field commercially should not be blank!
2021-03-27 08:56:19 [ERROR] Field commercially should not be blank!
2021-03-27 08:56:19 [ERROR] 2021-03-27T08:56:19.0713858: Field mfo can not be parsed!
2021-03-27 08:56:19 [ERROR] Field mfo can not be parsed!
2021-03-27 08:56:19 [ERROR] Can not parse line KOL;0;1;30.05.2018;243651;kol.com;
2021-03-27 08:56:56 [ERROR] 2021-03-27T08:56:56.20245: Field commercially should not be blank!
2021-03-27 08:56:56 [ERROR] Field commercially should not be blank!
2021-03-27 08:56:56 [ERROR] 2021-03-27T08:56:56.2094311: Field mfo can not be parsed!
2021-03-27 08:56:56 [ERROR] Field mfo can not be parsed!
2021-03-27 08:56:56 [ERROR] Can not parse line KOL;0;1;30.05.2018;243651;kol.com;
2021-03-27 08:59:04 [ERROR] 2021-03-27T08:59:04.5082962: Field commercially should not be blank!
2021-03-27 08:59:04 [ERROR] Field commercially should not be blank!
2021-03-27 08:59:04 [ERROR] 2021-03-27T08:59:04.5162753: Field mfo can not be parsed!
2021-03-27 08:59:04 [ERROR] Field mfo can not be parsed!
2021-03-27 08:59:04 [ERROR] Can not parse line KOL;0;1;30.05.2018;243651;kol.com;
2021-03-27 09:03:10 [ERROR] 2021-03-27T09:03:10.8738767: Field commercially should not be blank!
2021-03-27 09:03:10 [ERROR] Field commercially should not be blank!
2021-03-27 09:03:10 [ERROR] 2021-03-27T09:03:10.8818555: Field mfo can not be parsed!
2021-03-27 09:03:10 [ERROR] Field mfo can not be parsed!
2021-03-27 09:03:10 [ERROR] Can not parse line KOL;0;1;30.05.2018;243651;kol.com;
2021-03-27 09:22:17 [ERROR] 2021-03-27T09:22:17.7615407: Field commercially should not be blank!
2021-03-27 09:22:17 [ERROR] Field commercially should not be blank!
2021-03-27 09:22:17 [ERROR] 2021-03-27T09:22:17.7685226: Field mfo can not be parsed!
2021-03-27 09:22:17 [ERROR] Field mfo can not be parsed!
2021-03-27 09:22:17 [ERROR] Can not parse line KOL;0;1;30.05.2018;243651;kol.com;
2021-03-27 09:22:40 [ERROR] 2021-03-27T09:22:40.9716937: Field commercially should not be blank!
2021-03-27 09:22:40 [ERROR] Field commercially should not be blank!
2021-03-27 09:22:40 [ERROR] 2021-03-27T09:22:40.9796723: Field mfo can not be parsed!
2021-03-27 09:22:40 [ERROR] Field mfo can not be parsed!
2021-03-27 09:22:40 [ERROR] Can not parse line KOL;0;1;30.05.2018;243651;kol.com;
2021-03-27 09:24:22 [ERROR] 2021-03-27T09:24:22.2613269: Field commercially should not be blank!
2021-03-27 09:24:22 [ERROR] Field commercially should not be blank!
2021-03-27 09:24:22 [ERROR] 2021-03-27T09:24:22.269306: Field mfo can not be parsed!
2021-03-27 09:24:22 [ERROR] Field mfo can not be parsed!
2021-03-27 09:24:22 [ERROR] Can not parse line KOL;0;1;30.05.2018;243651;kol.com;
2021-03-27 09:25:12 [ERROR] 2021-03-27T09:25:12.6626856: Field commercially should not be blank!
2021-03-27 09:25:12 [ERROR] Field commercially should not be blank!
2021-03-27 09:25:12 [ERROR] 2021-03-27T09:25:12.6706641: Field mfo can not be parsed!
2021-03-27 09:25:12 [ERROR] Field mfo can not be parsed!
2021-03-27 09:25:12 [ERROR] Can not parse line KOL;0;1;30.05.2018;243651;kol.com;
2021-03-27 09:28:08 [ERROR] 2021-03-27T09:28:08.2155788: Field commercially should not be blank!
2021-03-27 09:28:08 [ERROR] Field commercially should not be blank!
2021-03-27 09:28:08 [ERROR] 2021-03-27T09:28:08.2235568: Field mfo can not be parsed!
2021-03-27 09:28:08 [ERROR] Field mfo can not be parsed!
2021-03-27 09:28:08 [ERROR] Can not parse line KOL;0;1;30.05.2018;243651;kol.com;
2021-03-27 09:30:07 [ERROR] 2021-03-27T09:30:07.8264525: Field commercially should not be blank!
2021-03-27 09:30:07 [ERROR] Field commercially should not be blank!
2021-03-27 09:30:07 [ERROR] 2021-03-27T09:30:07.8334326: Field mfo can not be parsed!
2021-03-27 09:30:07 [ERROR] Field mfo can not be parsed!
2021-03-27 09:30:07 [ERROR] Can not parse line KOL;0;1;30.05.2018;243651;kol.com;
2021-03-27 09:31:47 [ERROR] 2021-03-27T09:31:47.4605345: Field commercially should not be blank!
2021-03-27 09:31:47 [ERROR] Field commercially should not be blank!
2021-03-27 09:31:47 [ERROR] 2021-03-27T09:31:47.4675153: Field mfo can not be parsed!
2021-03-27 09:31:47 [ERROR] Field mfo can not be parsed!
2021-03-27 09:31:47 [ERROR] Can not parse line KOL;0;1;30.05.2018;243651;kol.com;
2021-03-27 09:35:46 [ERROR] 2021-03-27T09:35:46.4813606: Field commercially should not be blank!
2021-03-27 09:35:46 [ERROR] Field commercially should not be blank!
2021-03-27 09:35:46 [ERROR] 2021-03-27T09:35:46.4893395: Field mfo can not be parsed!
2021-03-27 09:35:46 [ERROR] Field mfo can not be parsed!
2021-03-27 09:35:46 [ERROR] Can not parse line KOL;0;1;30.05.2018;243651;kol.com;
2021-03-27 09:44:24 [ERROR] 2021-03-27T09:44:24.1992738: Field commercially should not be blank!
2021-03-27 09:44:24 [ERROR] Field commercially should not be blank!
2021-03-27 09:44:24 [ERROR] 2021-03-27T09:44:24.2062552: Field mfo can not be parsed!
2021-03-27 09:44:24 [ERROR] Field mfo can not be parsed!
2021-03-27 09:44:24 [ERROR] Can not parse line KOL;0;1;30.05.2018;243651;kol.com;
2021-03-27 09:45:59 [ERROR] 2021-03-27T09:45:59.0591492: Field commercially should not be blank!
2021-03-27 09:45:59 [ERROR] Field commercially should not be blank!
2021-03-27 09:45:59 [ERROR] 2021-03-27T09:45:59.0661303: Field mfo can not be parsed!
2021-03-27 09:45:59 [ERROR] Field mfo can not be parsed!
2021-03-27 09:45:59 [ERROR] Can not parse line KOL;0;1;30.05.2018;243651;kol.com;
2021-03-27 09:47:04 [ERROR] 2021-03-27T09:47:04.6509841: Field commercially should not be blank!
2021-03-27 09:47:04 [ERROR] Field commercially should not be blank!
2021-03-27 09:47:04 [ERROR] 2021-03-27T09:47:04.6579652: Field mfo can not be parsed!
2021-03-27 09:47:04 [ERROR] Field mfo can not be parsed!
2021-03-27 09:47:04 [ERROR] Can not parse line KOL;0;1;30.05.2018;243651;kol.com;
2021-03-27 09:48:07 [ERROR] 2021-03-27T09:48:07.0985604: Field commercially should not be blank!
2021-03-27 09:48:07 [ERROR] Field commercially should not be blank!
2021-03-27 09:48:07 [ERROR] 2021-03-27T09:48:07.1075357: Field mfo can not be parsed!
2021-03-27 09:48:07 [ERROR] Field mfo can not be parsed!
2021-03-27 09:48:07 [ERROR] Can not parse line KOL;0;1;30.05.2018;243651;kol.com;
2021-03-27 09:49:25 [ERROR] 2021-03-27T09:49:25.3094152: Field commercially should not be blank!
2021-03-27 09:49:25 [ERROR] Field commercially should not be blank!
2021-03-27 09:49:25 [ERROR] 2021-03-27T09:49:25.3173933: Field mfo can not be parsed!
2021-03-27 09:49:25 [ERROR] Field mfo can not be parsed!
2021-03-27 09:49:25 [ERROR] Can not parse line KOL;0;1;30.05.2018;243651;kol.com;
2021-03-27 09:49:42 [ERROR] 2021-03-27T09:49:42.6750293: Field commercially should not be blank!
2021-03-27 09:49:42 [ERROR] Field commercially should not be blank!
2021-03-27 09:49:42 [ERROR] 2021-03-27T09:49:42.6820106: Field mfo can not be parsed!
2021-03-27 09:49:42 [ERROR] Field mfo can not be parsed!
2021-03-27 09:49:42 [ERROR] Can not parse line KOL;0;1;30.05.2018;243651;kol.com;
2021-03-27 09:51:18 [ERROR] 2021-03-27T09:51:18.3724198: Field commercially should not be blank!
2021-03-27 09:51:18 [ERROR] Field commercially should not be blank!
2021-03-27 09:51:18 [ERROR] 2021-03-27T09:51:18.3794009: Field mfo can not be parsed!
2021-03-27 09:51:18 [ERROR] Field mfo can not be parsed!
2021-03-27 09:51:18 [ERROR] Can not parse line KOL;0;1;30.05.2018;243651;kol.com;
2021-03-27 09:57:30 [ERROR] 2021-03-27T09:57:30.3976044: Field commercially should not be blank!
2021-03-27 09:57:30 [ERROR] Field commercially should not be blank!
2021-03-27 09:57:30 [ERROR] 2021-03-27T09:57:30.4045859: Field mfo can not be parsed!
2021-03-27 09:57:30 [ERROR] Field mfo can not be parsed!
2021-03-27 09:57:30 [ERROR] Can not parse line KOL;0;1;30.05.2018;243651;kol.com;
2021-03-27 10:18:25 [ERROR] 2021-03-27T10:18:25.9485957: Field commercially should not be blank!
2021-03-27 10:18:25 [ERROR] Field commercially should not be blank!
2021-03-27 10:18:25 [ERROR] 2021-03-27T10:18:25.9555771: Field mfo can not be parsed!
2021-03-27 10:18:25 [ERROR] Field mfo can not be parsed!
2021-03-27 10:18:25 [ERROR] Can not parse line KOL;0;1;30.05.2018;243651;kol.com;
2021-03-27 10:29:21 [ERROR] 2021-03-27T10:29:21.6115138: Field commercially should not be blank!
2021-03-27 10:29:21 [ERROR] Field commercially should not be blank!
2021-03-27 10:29:21 [ERROR] 2021-03-27T10:29:21.6194913: Field mfo can not be parsed!
2021-03-27 10:29:21 [ERROR] Field mfo can not be parsed!
2021-03-27 10:29:21 [ERROR] Can not parse line KOL;0;1;30.05.2018;243651;kol.com;
2021-03-27 10:39:28 [ERROR] 2021-03-27T10:39:28.5828636: Field commercially should not be blank!
2021-03-27 10:39:28 [ERROR] Field commercially should not be blank!
2021-03-27 10:39:28 [ERROR] 2021-03-27T10:39:28.5898458: Field mfo can not be parsed!
2021-03-27 10:39:28 [ERROR] Field mfo can not be parsed!
2021-03-27 10:39:28 [ERROR] Can not parse line KOL;0;1;30.05.2018;243651;kol.com;
2021-03-27 10:42:09 [ERROR] 2021-03-27T10:42:09.2198651: Field commercially should not be blank!
2021-03-27 10:42:09 [ERROR] Field commercially should not be blank!
2021-03-27 10:42:09 [ERROR] 2021-03-27T10:42:09.2268463: Field mfo can not be parsed!
2021-03-27 10:42:09 [ERROR] Field mfo can not be parsed!
2021-03-27 10:42:09 [ERROR] Can not parse line KOL;0;1;30.05.2018;243651;kol.com;
2021-03-27 10:53:48 [ERROR] Input length = 1
2021-03-27 10:54:42 [ERROR] 2021-03-27T10:54:42.0079475: Field commercially should not be blank!
2021-03-27 10:54:42 [ERROR] Field commercially should not be blank!
2021-03-27 10:54:42 [ERROR] 2021-03-27T10:54:42.016922: Field mfo can not be parsed!
2021-03-27 10:54:42 [ERROR] Field mfo can not be parsed!
2021-03-27 10:54:42 [ERROR] Can not parse line KOL;0;1;30.05.2018;243651;kol.com;
2021-03-27 11:21:45 [ERROR] 2021-03-27T11:21:45.2278042: Field commercially should not be blank!
2021-03-27 11:21:45 [ERROR] Field commercially should not be blank!
2021-03-27 11:21:45 [ERROR] 2021-03-27T11:21:45.2357821: Field mfo can not be parsed!
2021-03-27 11:21:45 [ERROR] Field mfo can not be parsed!
2021-03-27 11:21:45 [ERROR] Can not parse line KOL;0;1;30.05.2018;243651;kol.com;
2021-03-27 11:30:07 [ERROR] 2021-03-27T11:30:07.5458654: Field commercially should not be blank!
2021-03-27 11:30:07 [ERROR] Field commercially should not be blank!
2021-03-27 11:30:07 [ERROR] 2021-03-27T11:30:07.5538443: Field mfo can not be parsed!
2021-03-27 11:30:07 [ERROR] Field mfo can not be parsed!
2021-03-27 11:30:07 [ERROR] Can not parse line KOL;0;1;30.05.2018;243651;kol.com;
2021-03-27 11:44:59 [ERROR] 2021-03-27T11:44:59.7184854: Field commercially should not be blank!
2021-03-27 11:44:59 [ERROR] Field commercially should not be blank!
2021-03-27 11:44:59 [ERROR] 2021-03-27T11:44:59.7274605: Field mfo can not be parsed!
2021-03-27 11:44:59 [ERROR] Field mfo can not be parsed!
2021-03-27 11:44:59 [ERROR] Can not parse line KOL;0;1;30.05.2018;243651;kol.com;
2021-03-27 11:47:32 [ERROR] 2021-03-27T11:47:32.6960209: Field commercially should not be blank!
2021-03-27 11:47:32 [ERROR] Field commercially should not be blank!
2021-03-27 11:47:32 [ERROR] 2021-03-27T11:47:32.7049969: Field mfo can not be parsed!
2021-03-27 11:47:32 [ERROR] Field mfo can not be parsed!
2021-03-27 11:47:32 [ERROR] Can not parse line KOL;0;1;30.05.2018;243651;kol.com;
2021-03-27 11:47:59 [ERROR] 2021-03-27T11:47:59.1665689: Field commercially should not be blank!
2021-03-27 11:47:59 [ERROR] Field commercially should not be blank!
2021-03-27 11:47:59 [ERROR] 2021-03-27T11:47:59.1745467: Field mfo can not be parsed!
2021-03-27 11:47:59 [ERROR] Field mfo can not be parsed!
2021-03-27 11:47:59 [ERROR] Can not parse line KOL;0;1;30.05.2018;243651;kol.com;
2021-03-27 11:48:37 [ERROR] 2021-03-27T11:48:37.3308066: Field commercially should not be blank!
2021-03-27 11:48:37 [ERROR] Field commercially should not be blank!
2021-03-27 11:48:37 [ERROR] 2021-03-27T11:48:37.3377885: Field mfo can not be parsed!
2021-03-27 11:48:37 [ERROR] Field mfo can not be parsed!
2021-03-27 11:48:37 [ERROR] Can not parse line KOL;0;1;30.05.2018;243651;kol.com;
2021-03-27 11:49:18 [ERROR] 2021-03-27T11:49:18.2397536: Field commercially should not be blank!
2021-03-27 11:49:18 [ERROR] Field commercially should not be blank!
2021-03-27 11:49:18 [ERROR] 2021-03-27T11:49:18.2477322: Field mfo can not be parsed!
2021-03-27 11:49:18 [ERROR] Field mfo can not be parsed!
2021-03-27 11:49:18 [ERROR] Can not parse line KOL;0;1;30.05.2018;243651;kol.com;
2021-03-27 11:49:28 [ERROR] 2021-03-27T11:49:28.240597: Field commercially should not be blank!
2021-03-27 11:49:28 [ERROR] Field commercially should not be blank!
2021-03-27 11:49:28 [ERROR] 2021-03-27T11:49:28.2485762: Field mfo can not be parsed!
2021-03-27 11:49:28 [ERROR] Field mfo can not be parsed!
2021-03-27 11:49:28 [ERROR] Can not parse line KOL;0;1;30.05.2018;243651;kol.com;
2021-03-27 11:55:52 [ERROR] 2021-03-27T11:55:52.1636207: Field commercially should not be blank!
2021-03-27 11:55:52 [ERROR] Field commercially should not be blank!
2021-03-27 11:55:52 [ERROR] 2021-03-27T11:55:52.1706018: Field mfo can not be parsed!
2021-03-27 11:55:52 [ERROR] Field mfo can not be parsed!
2021-03-27 11:55:52 [ERROR] Can not parse line KOL;0;1;30.05.2018;243651;kol.com;
2021-03-27 11:57:34 [ERROR] 2021-03-27T11:57:34.9439727: Field commercially should not be blank!
2021-03-27 11:57:34 [ERROR] Field commercially should not be blank!
2021-03-27 11:57:34 [ERROR] 2021-03-27T11:57:34.9509539: Field mfo can not be parsed!
2021-03-27 11:57:34 [ERROR] Field mfo can not be parsed!
2021-03-27 11:57:34 [ERROR] Can not parse line KOL;0;1;30.05.2018;243651;kol.com;
2021-03-27 12:03:38 [ERROR] 2021-03-27T12:03:38.6848814: Field commercially should not be blank!
2021-03-27 12:03:38 [ERROR] Field commercially should not be blank!
2021-03-27 12:03:38 [ERROR] 2021-03-27T12:03:38.6938582: Field mfo can not be parsed!
2021-03-27 12:03:38 [ERROR] Field mfo can not be parsed!
2021-03-27 12:03:38 [ERROR] Can not parse line KOL;0;1;30.05.2018;243651;kol.com;
2021-03-27 12:05:51 [ERROR] 2021-03-27T12:05:51.0390311: Field commercially should not be blank!
2021-03-27 12:05:51 [ERROR] Field commercially should not be blank!
2021-03-27 12:05:51 [ERROR] 2021-03-27T12:05:51.0470101: Field mfo can not be parsed!
2021-03-27 12:05:51 [ERROR] Field mfo can not be parsed!
2021-03-27 12:05:51 [ERROR] Can not parse line KOL;0;1;30.05.2018;243651;kol.com;
2021-03-27 12:08:52 [ERROR] 2021-03-27T12:08:52.0736635: Field commercially should not be blank!
2021-03-27 12:08:52 [ERROR] Field commercially should not be blank!
2021-03-27 12:08:52 [ERROR] 2021-03-27T12:08:52.0816419: Field mfo can not be parsed!
2021-03-27 12:08:52 [ERROR] Field mfo can not be parsed!
2021-03-27 12:08:52 [ERROR] Can not parse line KOL;0;1;30.05.2018;243651;kol.com;
2021-03-27 12:09:36 [ERROR] 2021-03-27T12:09:36.9320619: Field commercially should not be blank!
2021-03-27 12:09:36 [ERROR] Field commercially should not be blank!
2021-03-27 12:09:36 [ERROR] 2021-03-27T12:09:36.9400407: Field mfo can not be parsed!
2021-03-27 12:09:36 [ERROR] Field mfo can not be parsed!
2021-03-27 12:09:36 [ERROR] Can not parse line KOL;0;1;30.05.2018;243651;kol.com;
2021-03-27 12:10:20 [ERROR] 2021-03-27T12:10:20.4828467: Field commercially should not be blank!
2021-03-27 12:10:20 [ERROR] Field commercially should not be blank!
2021-03-27 12:10:20 [ERROR] 2021-03-27T12:10:20.4908257: Field mfo can not be parsed!
2021-03-27 12:10:20 [ERROR] Field mfo can not be parsed!
2021-03-27 12:10:20 [ERROR] Can not parse line KOL;0;1;30.05.2018;243651;kol.com;
2021-03-27 12:11:44 [ERROR] 2021-03-27T12:11:44.8765159: Field commercially should not be blank!
2021-03-27 12:11:44 [ERROR] Field commercially should not be blank!
2021-03-27 12:11:44 [ERROR] 2021-03-27T12:11:44.8834973: Field mfo can not be parsed!
2021-03-27 12:11:44 [ERROR] Field mfo can not be parsed!
2021-03-27 12:11:44 [ERROR] Can not parse line KOL;0;1;30.05.2018;243651;kol.com;
2021-03-27 12:17:11 [ERROR] 2021-03-27T12:17:11.6836484: Field commercially should not be blank!
2021-03-27 12:17:11 [ERROR] Field commercially should not be blank!
2021-03-27 12:17:11 [ERROR] 2021-03-27T12:17:11.6906293: Field mfo can not be parsed!
2021-03-27 12:17:11 [ERROR] Field mfo can not be parsed!
2021-03-27 12:17:11 [ERROR] Can not parse line KOL;0;1;30.05.2018;243651;kol.com;
2021-03-27 12:32:08 [ERROR] 2021-03-27T12:32:08.9430619: Field commercially should not be blank!
2021-03-27 12:32:08 [ERROR] Field commercially should not be blank!
2021-03-27 12:32:08 [ERROR] 2021-03-27T12:32:08.9510405: Field mfo can not be parsed!
2021-03-27 12:32:08 [ERROR] Field mfo can not be parsed!
2021-03-27 12:32:08 [ERROR] Can not parse line KOL;0;1;30.05.2018;243651;kol.com;
2021-03-27 12:32:33 [ERROR] 2021-03-27T12:32:33.5578562: Field commercially should not be blank!
2021-03-27 12:32:33 [ERROR] Field commercially should not be blank!
2021-03-27 12:32:33 [ERROR] 2021-03-27T12:32:33.564838: Field mfo can not be parsed!
2021-03-27 12:32:33 [ERROR] Field mfo can not be parsed!
2021-03-27 12:32:33 [ERROR] Can not parse line KOL;0;1;30.05.2018;243651;kol.com;
2021-03-27 12:36:54 [ERROR] 2021-03-27T12:36:54.9621292: Field commercially should not be blank!
2021-03-27 12:36:54 [ERROR] Field commercially should not be blank!
2021-03-27 12:36:54 [ERROR] 2021-03-27T12:36:54.9701083: Field mfo can not be parsed!
2021-03-27 12:36:54 [ERROR] Field mfo can not be parsed!
2021-03-27 12:36:54 [ERROR] Can not parse line KOL;0;1;30.05.2018;243651;kol.com;
2021-03-27 12:41:52 [ERROR] 2021-03-27T12:41:52.6031653: Field commercially should not be blank!
2021-03-27 12:41:52 [ERROR] Field commercially should not be blank!
2021-03-27 12:41:52 [ERROR] 2021-03-27T12:41:52.6111426: Field mfo can not be parsed!
2021-03-27 12:41:52 [ERROR] Field mfo can not be parsed!
2021-03-27 12:41:52 [ERROR] Can not parse line KOL;0;1;30.05.2018;243651;kol.com;
